2025-12-08 03:19:20,930 - INFO - Starting data loading process...
2025-12-08 03:19:20,931 - INFO - Loading classes from C:\Users\Valerian\PycharmProjects\RAIN-19\11\Crypto_Fraud_Detection\data\raw\elliptic_txs_classes.csv...
2025-12-08 03:19:21,027 - INFO - Classes loaded. Shape: (203769, 2)
2025-12-08 03:19:21,027 - INFO - Loading features from C:\Users\Valerian\PycharmProjects\RAIN-19\11\Crypto_Fraud_Detection\data\raw\elliptic_txs_features.csv...
2025-12-08 03:19:28,793 - INFO - Features loaded. Shape: (203769, 167)
2025-12-08 03:19:28,794 - INFO - Loading edges from C:\Users\Valerian\PycharmProjects\RAIN-19\11\Crypto_Fraud_Detection\data\raw\elliptic_txs_edgelist.csv...
2025-12-08 03:19:28,898 - INFO - Edges loaded. Shape: (234355, 2)
2025-12-08 03:19:28,898 - INFO - Merging classes and features...
2025-12-08 03:19:29,059 - INFO - Filtering 'unknown' classes for training data...
2025-12-08 03:19:29,180 - INFO - Data merged and filtered. Final Training Shape: (46564, 169)
2025-12-08 03:19:29,184 - INFO - Fraud distribution: 
is_fraud
0    42019
1     4545
Name: count, dtype: int64
2025-12-08 03:26:03,520 - INFO - Starting data loading process...
2025-12-08 03:26:03,521 - INFO - Loading classes from C:\Users\Valerian\PycharmProjects\RAIN-19\11\Crypto_Fraud_Detection\data\raw\elliptic_txs_classes.csv...
2025-12-08 03:26:03,577 - INFO - Classes loaded. Shape: (203769, 2)
2025-12-08 03:26:03,578 - INFO - Loading features from C:\Users\Valerian\PycharmProjects\RAIN-19\11\Crypto_Fraud_Detection\data\raw\elliptic_txs_features.csv...
2025-12-08 03:26:10,887 - INFO - Features loaded. Shape: (203769, 167)
2025-12-08 03:26:10,887 - INFO - Loading edges from C:\Users\Valerian\PycharmProjects\RAIN-19\11\Crypto_Fraud_Detection\data\raw\elliptic_txs_edgelist.csv...
2025-12-08 03:26:10,949 - INFO - Edges loaded. Shape: (234355, 2)
2025-12-08 03:26:10,949 - INFO - Merging classes and features...
2025-12-08 03:26:11,125 - INFO - Filtering 'unknown' classes for training data...
2025-12-08 03:26:11,339 - INFO - Data merged and filtered. Final Training Shape: (46564, 169)
2025-12-08 03:26:11,347 - INFO - Fraud distribution: 
is_fraud
0    42019
1     4545
Name: count, dtype: int64
2025-12-08 03:26:11,443 - INFO - Building Network Graph to extract features...
2025-12-08 03:26:14,280 - INFO - Graph created with 203769 nodes and 234355 edges.
2025-12-08 03:26:14,280 - INFO - Calculating In-Degree and Out-Degree centrality (this may take a moment)...
2025-12-08 03:26:15,642 - INFO - Network features added.
2025-12-08 03:26:50,779 - INFO - Processed data saved to C:\Users\Valerian\PycharmProjects\RAIN-19\11\Crypto_Fraud_Detection\data\processed\train_ready_data.csv
